TimeQuest Timing Analyzer report for infoleds
Mon Nov 24 23:23:17 2025
Quartus II 64-Bit Version 13.0.1 Build 232 06/12/2013 Service Pack 1 SJ Web Edition


---------------------
; Table of Contents ;
---------------------
  1. Legal Notice
  2. TimeQuest Timing Analyzer Summary
  3. Parallel Compilation
  4. Clocks
  5. Slow 1200mV 85C Model Fmax Summary
  6. Timing Closure Recommendations
  7. Slow 1200mV 85C Model Setup Summary
  8. Slow 1200mV 85C Model Hold Summary
  9. Slow 1200mV 85C Model Recovery Summary
 10. Slow 1200mV 85C Model Removal Summary
 11. Slow 1200mV 85C Model Minimum Pulse Width Summary
 12. Slow 1200mV 85C Model Setup: 'clock'
 13. Slow 1200mV 85C Model Hold: 'clock'
 14. Slow 1200mV 85C Model Minimum Pulse Width: 'clock'
 15. Slow 1200mV 85C Model Minimum Pulse Width: 'inclk0'
 16. Clock to Output Times
 17. Minimum Clock to Output Times
 18. Slow 1200mV 85C Model Metastability Report
 19. Slow 1200mV 0C Model Fmax Summary
 20. Slow 1200mV 0C Model Setup Summary
 21. Slow 1200mV 0C Model Hold Summary
 22. Slow 1200mV 0C Model Recovery Summary
 23. Slow 1200mV 0C Model Removal Summary
 24. Slow 1200mV 0C Model Minimum Pulse Width Summary
 25. Slow 1200mV 0C Model Setup: 'clock'
 26. Slow 1200mV 0C Model Hold: 'clock'
 27. Slow 1200mV 0C Model Minimum Pulse Width: 'clock'
 28. Slow 1200mV 0C Model Minimum Pulse Width: 'inclk0'
 29. Clock to Output Times
 30. Minimum Clock to Output Times
 31. Slow 1200mV 0C Model Metastability Report
 32. Fast 1200mV 0C Model Setup Summary
 33. Fast 1200mV 0C Model Hold Summary
 34. Fast 1200mV 0C Model Recovery Summary
 35. Fast 1200mV 0C Model Removal Summary
 36. Fast 1200mV 0C Model Minimum Pulse Width Summary
 37. Fast 1200mV 0C Model Setup: 'clock'
 38. Fast 1200mV 0C Model Hold: 'clock'
 39. Fast 1200mV 0C Model Minimum Pulse Width: 'clock'
 40. Fast 1200mV 0C Model Minimum Pulse Width: 'inclk0'
 41. Clock to Output Times
 42. Minimum Clock to Output Times
 43. Fast 1200mV 0C Model Metastability Report
 44. Multicorner Timing Analysis Summary
 45. Clock to Output Times
 46. Minimum Clock to Output Times
 47. Board Trace Model Assignments
 48. Input Transition Times
 49. Signal Integrity Metrics (Slow 1200mv 0c Model)
 50. Signal Integrity Metrics (Slow 1200mv 85c Model)
 51. Signal Integrity Metrics (Fast 1200mv 0c Model)
 52. Setup Transfers
 53. Hold Transfers
 54. Report TCCS
 55. Report RSKM
 56. Unconstrained Paths
 57. TimeQuest Timing Analyzer Messages



----------------
; Legal Notice ;
----------------
Copyright (C) 1991-2013 Altera Corporation
Your use of Altera Corporation's design tools, logic functions 
and other software and tools, and its AMPP partner logic 
functions, and any output files from any of the foregoing 
(including device programming or simulation files), and any 
associated documentation or information are expressly subject 
to the terms and conditions of the Altera Program License 
Subscription Agreement, Altera MegaCore Function License 
Agreement, or other applicable license agreement, including, 
without limitation, that your use is for the sole purpose of 
programming logic devices manufactured by Altera and sold by 
Altera or its authorized distributors.  Please refer to the 
applicable agreement for further details.



+----------------------------------------------------------------------------------------+
; TimeQuest Timing Analyzer Summary                                                      ;
+--------------------+-------------------------------------------------------------------+
; Quartus II Version ; Version 13.0.1 Build 232 06/12/2013 Service Pack 1 SJ Web Edition ;
; Revision Name      ; infoleds                                                          ;
; Device Family      ; Cyclone IV E                                                      ;
; Device Name        ; EP4CE22F17C6                                                      ;
; Timing Models      ; Final                                                             ;
; Delay Model        ; Combined                                                          ;
; Rise/Fall Delays   ; Enabled                                                           ;
+--------------------+-------------------------------------------------------------------+


Parallel compilation was disabled, but you have multiple processors available. Enable parallel compilation to reduce compilation time.
+-------------------------------------+
; Parallel Compilation                ;
+----------------------------+--------+
; Processors                 ; Number ;
+----------------------------+--------+
; Number detected on machine ; 8      ;
; Maximum allowed            ; 1      ;
+----------------------------+--------+


+-------------------------------------------------------------------------------------------------------------------------------------------------------------------------------------------------------------------------------------------------------------------------------------------------------------------------+
; Clocks                                                                                                                                                                                                                                                                                                                  ;
+--------------------------------------------------+-----------+----------+------------+-------+---------+------------+-----------+-------------+-------+--------+-----------+------------+----------+--------+----------------------------------------------------+------------------------------------------------------+
; Clock Name                                       ; Type      ; Period   ; Frequency  ; Rise  ; Fall    ; Duty Cycle ; Divide by ; Multiply by ; Phase ; Offset ; Edge List ; Edge Shift ; Inverted ; Master ; Source                                             ; Targets                                              ;
+--------------------------------------------------+-----------+----------+------------+-------+---------+------------+-----------+-------------+-------+--------+-----------+------------+----------+--------+----------------------------------------------------+------------------------------------------------------+
; clock                                            ; Base      ; 1.000    ; 1000.0 MHz ; 0.000 ; 0.500   ;            ;           ;             ;       ;        ;           ;            ;          ;        ;                                                    ; { clock }                                            ;
; inclk0                                           ; Base      ; 20.000   ; 50.0 MHz   ; 0.000 ; 10.000  ;            ;           ;             ;       ;        ;           ;            ;          ;        ;                                                    ; { inclk0 }                                           ;
; inst|altpll_component|auto_generated|pll1|clk[0] ; Generated ; 1250.000 ; 0.8 MHz    ; 0.000 ; 400.000 ; 32.00      ; 125       ; 2           ;       ;        ;           ;            ; false    ; inclk0 ; inst|altpll_component|auto_generated|pll1|inclk[0] ; { inst|altpll_component|auto_generated|pll1|clk[0] } ;
; inst|altpll_component|auto_generated|pll1|clk[1] ; Generated ; 1250.000 ; 0.8 MHz    ; 0.000 ; 800.000 ; 64.00      ; 125       ; 2           ;       ;        ;           ;            ; false    ; inclk0 ; inst|altpll_component|auto_generated|pll1|inclk[0] ; { inst|altpll_component|auto_generated|pll1|clk[1] } ;
+--------------------------------------------------+-----------+----------+------------+-------+---------+------------+-----------+-------------+-------+--------+-----------+------------+----------+--------+----------------------------------------------------+------------------------------------------------------+


+-----------------------------------------------------------------------------------------------------------+
; Slow 1200mV 85C Model Fmax Summary                                                                        ;
+------------+-----------------+------------+---------------------------------------------------------------+
; Fmax       ; Restricted Fmax ; Clock Name ; Note                                                          ;
+------------+-----------------+------------+---------------------------------------------------------------+
; 931.97 MHz ; 250.0 MHz       ; clock      ; limit due to minimum period restriction (max I/O toggle rate) ;
+------------+-----------------+------------+---------------------------------------------------------------+
This panel reports FMAX for every clock in the design, regardless of the user-specified clock periods.  FMAX is only computed for paths where the source and destination registers or ports are driven by the same clock.  Paths of different clocks, including generated clocks, are ignored.  For paths between a clock and its inversion, FMAX is computed as if the rising and falling edges are scaled along with FMAX, such that the duty cycle (in terms of a percentage) is maintained. Altera recommends that you always use clock constraints and other slack reports for sign-off analysis.


----------------------------------
; Timing Closure Recommendations ;
----------------------------------
HTML report is unavailable in plain text report export.


+-------------------------------------+
; Slow 1200mV 85C Model Setup Summary ;
+-------+--------+--------------------+
; Clock ; Slack  ; End Point TNS      ;
+-------+--------+--------------------+
; clock ; -0.073 ; -0.073             ;
+-------+--------+--------------------+


+------------------------------------+
; Slow 1200mV 85C Model Hold Summary ;
+-------+--------+-------------------+
; Clock ; Slack  ; End Point TNS     ;
+-------+--------+-------------------+
; clock ; -1.343 ; -1.343            ;
+-------+--------+-------------------+


------------------------------------------
; Slow 1200mV 85C Model Recovery Summary ;
------------------------------------------
No paths to report.


-----------------------------------------
; Slow 1200mV 85C Model Removal Summary ;
-----------------------------------------
No paths to report.


+---------------------------------------------------+
; Slow 1200mV 85C Model Minimum Pulse Width Summary ;
+--------+--------+---------------------------------+
; Clock  ; Slack  ; End Point TNS                   ;
+--------+--------+---------------------------------+
; clock  ; -3.000 ; -4.000                          ;
; inclk0 ; 9.834  ; 0.000                           ;
+--------+--------+---------------------------------+


+---------------------------------------------------------------------------------------------------------------------------------------------------------------------------------------------+
; Slow 1200mV 85C Model Setup: 'clock'                                                                                                                                                        ;
+--------+--------------------------------------------------+-----------------------+--------------------------------------------------+-------------+--------------+------------+------------+
; Slack  ; From Node                                        ; To Node               ; Launch Clock                                     ; Latch Clock ; Relationship ; Clock Skew ; Data Delay ;
+--------+--------------------------------------------------+-----------------------+--------------------------------------------------+-------------+--------------+------------+------------+
; -0.073 ; infoleds:inst1|fstate                            ; infoleds:inst1|fstate ; clock                                            ; clock       ; 1.000        ; -0.066     ; 1.022      ;
; 1.519  ; inst|altpll_component|auto_generated|pll1|clk[0] ; infoleds:inst1|fstate ; inst|altpll_component|auto_generated|pll1|clk[0] ; clock       ; 1.000        ; 4.597      ; 4.063      ;
; 1.539  ; inst|altpll_component|auto_generated|pll1|clk[0] ; infoleds:inst1|fstate ; inst|altpll_component|auto_generated|pll1|clk[0] ; clock       ; 1.000        ; 4.597      ; 4.043      ;
; 1.633  ; inst|altpll_component|auto_generated|pll1|clk[1] ; infoleds:inst1|fstate ; inst|altpll_component|auto_generated|pll1|clk[1] ; clock       ; 1.000        ; 4.597      ; 3.949      ;
; 1.655  ; inst|altpll_component|auto_generated|pll1|clk[1] ; infoleds:inst1|fstate ; inst|altpll_component|auto_generated|pll1|clk[1] ; clock       ; 1.000        ; 4.597      ; 3.927      ;
+--------+--------------------------------------------------+-----------------------+--------------------------------------------------+-------------+--------------+------------+------------+


+---------------------------------------------------------------------------------------------------------------------------------------------------------------------------------------------+
; Slow 1200mV 85C Model Hold: 'clock'                                                                                                                                                         ;
+--------+--------------------------------------------------+-----------------------+--------------------------------------------------+-------------+--------------+------------+------------+
; Slack  ; From Node                                        ; To Node               ; Launch Clock                                     ; Latch Clock ; Relationship ; Clock Skew ; Data Delay ;
+--------+--------------------------------------------------+-----------------------+--------------------------------------------------+-------------+--------------+------------+------------+
; -1.343 ; inst|altpll_component|auto_generated|pll1|clk[1] ; infoleds:inst1|fstate ; inst|altpll_component|auto_generated|pll1|clk[1] ; clock       ; 0.000        ; 4.911      ; 3.755      ;
; -1.330 ; inst|altpll_component|auto_generated|pll1|clk[1] ; infoleds:inst1|fstate ; inst|altpll_component|auto_generated|pll1|clk[1] ; clock       ; 0.000        ; 4.911      ; 3.768      ;
; -1.266 ; inst|altpll_component|auto_generated|pll1|clk[0] ; infoleds:inst1|fstate ; inst|altpll_component|auto_generated|pll1|clk[0] ; clock       ; 0.000        ; 4.911      ; 3.832      ;
; -1.258 ; inst|altpll_component|auto_generated|pll1|clk[0] ; infoleds:inst1|fstate ; inst|altpll_component|auto_generated|pll1|clk[0] ; clock       ; 0.000        ; 4.911      ; 3.840      ;
; 0.684  ; infoleds:inst1|fstate                            ; infoleds:inst1|fstate ; clock                                            ; clock       ; 0.000        ; 0.066      ; 0.907      ;
+--------+--------------------------------------------------+-----------------------+--------------------------------------------------+-------------+--------------+------------+------------+


+--------------------------------------------------------------------------------------------------------+
; Slow 1200mV 85C Model Minimum Pulse Width: 'clock'                                                     ;
+--------+--------------+----------------+------------------+-------+------------+-----------------------+
; Slack  ; Actual Width ; Required Width ; Type             ; Clock ; Clock Edge ; Target                ;
+--------+--------------+----------------+------------------+-------+------------+-----------------------+
; -3.000 ; 1.000        ; 4.000          ; Port Rate        ; clock ; Rise       ; clock                 ;
; -1.000 ; 1.000        ; 2.000          ; Min Period       ; clock ; Rise       ; infoleds:inst1|fstate ;
; 0.179  ; 0.363        ; 0.184          ; Low Pulse Width  ; clock ; Rise       ; infoleds:inst1|fstate ;
; 0.335  ; 0.335        ; 0.000          ; Low Pulse Width  ; clock ; Rise       ; clock~input|o         ;
; 0.339  ; 0.339        ; 0.000          ; Low Pulse Width  ; clock ; Rise       ; inst1|fstate|clk      ;
; 0.420  ; 0.636        ; 0.216          ; High Pulse Width ; clock ; Rise       ; infoleds:inst1|fstate ;
; 0.500  ; 0.500        ; 0.000          ; High Pulse Width ; clock ; Rise       ; clock~input|i         ;
; 0.500  ; 0.500        ; 0.000          ; Low Pulse Width  ; clock ; Rise       ; clock~input|i         ;
; 0.658  ; 0.658        ; 0.000          ; High Pulse Width ; clock ; Rise       ; inst1|fstate|clk      ;
; 0.665  ; 0.665        ; 0.000          ; High Pulse Width ; clock ; Rise       ; clock~input|o         ;
+--------+--------------+----------------+------------------+-------+------------+-----------------------+


+----------------------------------------------------------------------------------------------------------------------------------------------+
; Slow 1200mV 85C Model Minimum Pulse Width: 'inclk0'                                                                                          ;
+--------+--------------+----------------+------------------+--------+------------+------------------------------------------------------------+
; Slack  ; Actual Width ; Required Width ; Type             ; Clock  ; Clock Edge ; Target                                                     ;
+--------+--------------+----------------+------------------+--------+------------+------------------------------------------------------------+
; 9.834  ; 9.834        ; 0.000          ; Low Pulse Width  ; inclk0 ; Rise       ; inst|altpll_component|auto_generated|pll1|clk[0]           ;
; 9.834  ; 9.834        ; 0.000          ; Low Pulse Width  ; inclk0 ; Rise       ; inst|altpll_component|auto_generated|pll1|clk[1]           ;
; 9.834  ; 9.834        ; 0.000          ; Low Pulse Width  ; inclk0 ; Rise       ; inst|altpll_component|auto_generated|pll1|observablevcoout ;
; 9.835  ; 9.835        ; 0.000          ; Low Pulse Width  ; inclk0 ; Rise       ; inclk0~input|o                                             ;
; 9.854  ; 9.854        ; 0.000          ; Low Pulse Width  ; inclk0 ; Rise       ; inst|altpll_component|auto_generated|pll1|inclk[0]         ;
; 10.000 ; 10.000       ; 0.000          ; High Pulse Width ; inclk0 ; Rise       ; inclk0~input|i                                             ;
; 10.000 ; 10.000       ; 0.000          ; Low Pulse Width  ; inclk0 ; Rise       ; inclk0~input|i                                             ;
; 10.145 ; 10.145       ; 0.000          ; High Pulse Width ; inclk0 ; Rise       ; inst|altpll_component|auto_generated|pll1|inclk[0]         ;
; 10.165 ; 10.165       ; 0.000          ; High Pulse Width ; inclk0 ; Rise       ; inclk0~input|o                                             ;
; 10.165 ; 10.165       ; 0.000          ; High Pulse Width ; inclk0 ; Rise       ; inst|altpll_component|auto_generated|pll1|clk[0]           ;
; 10.165 ; 10.165       ; 0.000          ; High Pulse Width ; inclk0 ; Rise       ; inst|altpll_component|auto_generated|pll1|clk[1]           ;
; 10.165 ; 10.165       ; 0.000          ; High Pulse Width ; inclk0 ; Rise       ; inst|altpll_component|auto_generated|pll1|observablevcoout ;
; 16.000 ; 20.000       ; 4.000          ; Port Rate        ; inclk0 ; Rise       ; inclk0                                                     ;
+--------+--------------+----------------+------------------+--------+------------+------------------------------------------------------------+


+--------------------------------------------------------------------------------------------------------+
; Clock to Output Times                                                                                  ;
+-----------+------------+-------+-------+------------+--------------------------------------------------+
; Data Port ; Clock Port ; Rise  ; Fall  ; Clock Edge ; Clock Reference                                  ;
+-----------+------------+-------+-------+------------+--------------------------------------------------+
; y         ; clock      ; 5.537 ; 5.469 ; Rise       ; clock                                            ;
; y         ; inclk0     ; 3.343 ;       ; Rise       ; inst|altpll_component|auto_generated|pll1|clk[0] ;
; y         ; inclk0     ;       ; 3.329 ; Fall       ; inst|altpll_component|auto_generated|pll1|clk[0] ;
; y         ; inclk0     ; 3.245 ;       ; Rise       ; inst|altpll_component|auto_generated|pll1|clk[1] ;
; y         ; inclk0     ;       ; 3.200 ; Fall       ; inst|altpll_component|auto_generated|pll1|clk[1] ;
+-----------+------------+-------+-------+------------+--------------------------------------------------+


+--------------------------------------------------------------------------------------------------------+
; Minimum Clock to Output Times                                                                          ;
+-----------+------------+-------+-------+------------+--------------------------------------------------+
; Data Port ; Clock Port ; Rise  ; Fall  ; Clock Edge ; Clock Reference                                  ;
+-----------+------------+-------+-------+------------+--------------------------------------------------+
; y         ; clock      ; 5.218 ; 5.276 ; Rise       ; clock                                            ;
; y         ; inclk0     ; 2.867 ;       ; Rise       ; inst|altpll_component|auto_generated|pll1|clk[0] ;
; y         ; inclk0     ;       ; 2.854 ; Fall       ; inst|altpll_component|auto_generated|pll1|clk[0] ;
; y         ; inclk0     ; 2.775 ;       ; Rise       ; inst|altpll_component|auto_generated|pll1|clk[1] ;
; y         ; inclk0     ;       ; 2.731 ; Fall       ; inst|altpll_component|auto_generated|pll1|clk[1] ;
+-----------+------------+-------+-------+------------+--------------------------------------------------+


----------------------------------------------
; Slow 1200mV 85C Model Metastability Report ;
----------------------------------------------
No synchronizer chains to report.


+------------------------------------------------------------------------------------------------------------+
; Slow 1200mV 0C Model Fmax Summary                                                                          ;
+-------------+-----------------+------------+---------------------------------------------------------------+
; Fmax        ; Restricted Fmax ; Clock Name ; Note                                                          ;
+-------------+-----------------+------------+---------------------------------------------------------------+
; 1054.85 MHz ; 250.0 MHz       ; clock      ; limit due to minimum period restriction (max I/O toggle rate) ;
+-------------+-----------------+------------+---------------------------------------------------------------+
This panel reports FMAX for every clock in the design, regardless of the user-specified clock periods.  FMAX is only computed for paths where the source and destination registers or ports are driven by the same clock.  Paths of different clocks, including generated clocks, are ignored.  For paths between a clock and its inversion, FMAX is computed as if the rising and falling edges are scaled along with FMAX, such that the duty cycle (in terms of a percentage) is maintained. Altera recommends that you always use clock constraints and other slack reports for sign-off analysis.


+------------------------------------+
; Slow 1200mV 0C Model Setup Summary ;
+-------+-------+--------------------+
; Clock ; Slack ; End Point TNS      ;
+-------+-------+--------------------+
; clock ; 0.052 ; 0.000              ;
+-------+-------+--------------------+


+-----------------------------------+
; Slow 1200mV 0C Model Hold Summary ;
+-------+--------+------------------+
; Clock ; Slack  ; End Point TNS    ;
+-------+--------+------------------+
; clock ; -1.198 ; -1.198           ;
+-------+--------+------------------+


-----------------------------------------
; Slow 1200mV 0C Model Recovery Summary ;
-----------------------------------------
No paths to report.


----------------------------------------
; Slow 1200mV 0C Model Removal Summary ;
----------------------------------------
No paths to report.


+--------------------------------------------------+
; Slow 1200mV 0C Model Minimum Pulse Width Summary ;
+--------+--------+--------------------------------+
; Clock  ; Slack  ; End Point TNS                  ;
+--------+--------+--------------------------------+
; clock  ; -3.000 ; -4.000                         ;
; inclk0 ; 9.817  ; 0.000                          ;
+--------+--------+--------------------------------+


+--------------------------------------------------------------------------------------------------------------------------------------------------------------------------------------------+
; Slow 1200mV 0C Model Setup: 'clock'                                                                                                                                                        ;
+-------+--------------------------------------------------+-----------------------+--------------------------------------------------+-------------+--------------+------------+------------+
; Slack ; From Node                                        ; To Node               ; Launch Clock                                     ; Latch Clock ; Relationship ; Clock Skew ; Data Delay ;
+-------+--------------------------------------------------+-----------------------+--------------------------------------------------+-------------+--------------+------------+------------+
; 0.052 ; infoleds:inst1|fstate                            ; infoleds:inst1|fstate ; clock                                            ; clock       ; 1.000        ; -0.056     ; 0.907      ;
; 1.465 ; inst|altpll_component|auto_generated|pll1|clk[0] ; infoleds:inst1|fstate ; inst|altpll_component|auto_generated|pll1|clk[0] ; clock       ; 1.000        ; 4.084      ; 3.604      ;
; 1.482 ; inst|altpll_component|auto_generated|pll1|clk[0] ; infoleds:inst1|fstate ; inst|altpll_component|auto_generated|pll1|clk[0] ; clock       ; 1.000        ; 4.084      ; 3.587      ;
; 1.567 ; inst|altpll_component|auto_generated|pll1|clk[1] ; infoleds:inst1|fstate ; inst|altpll_component|auto_generated|pll1|clk[1] ; clock       ; 1.000        ; 4.084      ; 3.502      ;
; 1.576 ; inst|altpll_component|auto_generated|pll1|clk[1] ; infoleds:inst1|fstate ; inst|altpll_component|auto_generated|pll1|clk[1] ; clock       ; 1.000        ; 4.084      ; 3.493      ;
+-------+--------------------------------------------------+-----------------------+--------------------------------------------------+-------------+--------------+------------+------------+


+---------------------------------------------------------------------------------------------------------------------------------------------------------------------------------------------+
; Slow 1200mV 0C Model Hold: 'clock'                                                                                                                                                          ;
+--------+--------------------------------------------------+-----------------------+--------------------------------------------------+-------------+--------------+------------+------------+
; Slack  ; From Node                                        ; To Node               ; Launch Clock                                     ; Latch Clock ; Relationship ; Clock Skew ; Data Delay ;
+--------+--------------------------------------------------+-----------------------+--------------------------------------------------+-------------+--------------+------------+------------+
; -1.198 ; inst|altpll_component|auto_generated|pll1|clk[1] ; infoleds:inst1|fstate ; inst|altpll_component|auto_generated|pll1|clk[1] ; clock       ; 0.000        ; 4.359      ; 3.335      ;
; -1.184 ; inst|altpll_component|auto_generated|pll1|clk[1] ; infoleds:inst1|fstate ; inst|altpll_component|auto_generated|pll1|clk[1] ; clock       ; 0.000        ; 4.359      ; 3.349      ;
; -1.134 ; inst|altpll_component|auto_generated|pll1|clk[0] ; infoleds:inst1|fstate ; inst|altpll_component|auto_generated|pll1|clk[0] ; clock       ; 0.000        ; 4.359      ; 3.399      ;
; -1.130 ; inst|altpll_component|auto_generated|pll1|clk[0] ; infoleds:inst1|fstate ; inst|altpll_component|auto_generated|pll1|clk[0] ; clock       ; 0.000        ; 4.359      ; 3.403      ;
; 0.626  ; infoleds:inst1|fstate                            ; infoleds:inst1|fstate ; clock                                            ; clock       ; 0.000        ; 0.056      ; 0.826      ;
+--------+--------------------------------------------------+-----------------------+--------------------------------------------------+-------------+--------------+------------+------------+


+--------------------------------------------------------------------------------------------------------+
; Slow 1200mV 0C Model Minimum Pulse Width: 'clock'                                                      ;
+--------+--------------+----------------+------------------+-------+------------+-----------------------+
; Slack  ; Actual Width ; Required Width ; Type             ; Clock ; Clock Edge ; Target                ;
+--------+--------------+----------------+------------------+-------+------------+-----------------------+
; -3.000 ; 1.000        ; 4.000          ; Port Rate        ; clock ; Rise       ; clock                 ;
; -1.000 ; 1.000        ; 2.000          ; Min Period       ; clock ; Rise       ; infoleds:inst1|fstate ;
; 0.218  ; 0.402        ; 0.184          ; Low Pulse Width  ; clock ; Rise       ; infoleds:inst1|fstate ;
; 0.358  ; 0.358        ; 0.000          ; Low Pulse Width  ; clock ; Rise       ; clock~input|o         ;
; 0.378  ; 0.378        ; 0.000          ; Low Pulse Width  ; clock ; Rise       ; inst1|fstate|clk      ;
; 0.382  ; 0.598        ; 0.216          ; High Pulse Width ; clock ; Rise       ; infoleds:inst1|fstate ;
; 0.500  ; 0.500        ; 0.000          ; High Pulse Width ; clock ; Rise       ; clock~input|i         ;
; 0.500  ; 0.500        ; 0.000          ; Low Pulse Width  ; clock ; Rise       ; clock~input|i         ;
; 0.622  ; 0.622        ; 0.000          ; High Pulse Width ; clock ; Rise       ; inst1|fstate|clk      ;
; 0.642  ; 0.642        ; 0.000          ; High Pulse Width ; clock ; Rise       ; clock~input|o         ;
+--------+--------------+----------------+------------------+-------+------------+-----------------------+


+----------------------------------------------------------------------------------------------------------------------------------------------+
; Slow 1200mV 0C Model Minimum Pulse Width: 'inclk0'                                                                                           ;
+--------+--------------+----------------+------------------+--------+------------+------------------------------------------------------------+
; Slack  ; Actual Width ; Required Width ; Type             ; Clock  ; Clock Edge ; Target                                                     ;
+--------+--------------+----------------+------------------+--------+------------+------------------------------------------------------------+
; 9.817  ; 9.817        ; 0.000          ; Low Pulse Width  ; inclk0 ; Rise       ; inst|altpll_component|auto_generated|pll1|clk[0]           ;
; 9.817  ; 9.817        ; 0.000          ; Low Pulse Width  ; inclk0 ; Rise       ; inst|altpll_component|auto_generated|pll1|clk[1]           ;
; 9.817  ; 9.817        ; 0.000          ; Low Pulse Width  ; inclk0 ; Rise       ; inst|altpll_component|auto_generated|pll1|observablevcoout ;
; 9.858  ; 9.858        ; 0.000          ; Low Pulse Width  ; inclk0 ; Rise       ; inclk0~input|o                                             ;
; 9.878  ; 9.878        ; 0.000          ; Low Pulse Width  ; inclk0 ; Rise       ; inst|altpll_component|auto_generated|pll1|inclk[0]         ;
; 10.000 ; 10.000       ; 0.000          ; High Pulse Width ; inclk0 ; Rise       ; inclk0~input|i                                             ;
; 10.000 ; 10.000       ; 0.000          ; Low Pulse Width  ; inclk0 ; Rise       ; inclk0~input|i                                             ;
; 10.121 ; 10.121       ; 0.000          ; High Pulse Width ; inclk0 ; Rise       ; inst|altpll_component|auto_generated|pll1|inclk[0]         ;
; 10.142 ; 10.142       ; 0.000          ; High Pulse Width ; inclk0 ; Rise       ; inclk0~input|o                                             ;
; 10.180 ; 10.180       ; 0.000          ; High Pulse Width ; inclk0 ; Rise       ; inst|altpll_component|auto_generated|pll1|clk[0]           ;
; 10.180 ; 10.180       ; 0.000          ; High Pulse Width ; inclk0 ; Rise       ; inst|altpll_component|auto_generated|pll1|clk[1]           ;
; 10.180 ; 10.180       ; 0.000          ; High Pulse Width ; inclk0 ; Rise       ; inst|altpll_component|auto_generated|pll1|observablevcoout ;
; 16.000 ; 20.000       ; 4.000          ; Port Rate        ; inclk0 ; Rise       ; inclk0                                                     ;
+--------+--------------+----------------+------------------+--------+------------+------------------------------------------------------------+


+--------------------------------------------------------------------------------------------------------+
; Clock to Output Times                                                                                  ;
+-----------+------------+-------+-------+------------+--------------------------------------------------+
; Data Port ; Clock Port ; Rise  ; Fall  ; Clock Edge ; Clock Reference                                  ;
+-----------+------------+-------+-------+------------+--------------------------------------------------+
; y         ; clock      ; 4.989 ; 4.923 ; Rise       ; clock                                            ;
; y         ; inclk0     ; 3.041 ;       ; Rise       ; inst|altpll_component|auto_generated|pll1|clk[0] ;
; y         ; inclk0     ;       ; 3.002 ; Fall       ; inst|altpll_component|auto_generated|pll1|clk[0] ;
; y         ; inclk0     ; 2.953 ;       ; Rise       ; inst|altpll_component|auto_generated|pll1|clk[1] ;
; y         ; inclk0     ;       ; 2.883 ; Fall       ; inst|altpll_component|auto_generated|pll1|clk[1] ;
+-----------+------------+-------+-------+------------+--------------------------------------------------+


+--------------------------------------------------------------------------------------------------------+
; Minimum Clock to Output Times                                                                          ;
+-----------+------------+-------+-------+------------+--------------------------------------------------+
; Data Port ; Clock Port ; Rise  ; Fall  ; Clock Edge ; Clock Reference                                  ;
+-----------+------------+-------+-------+------------+--------------------------------------------------+
; y         ; clock      ; 4.713 ; 4.737 ; Rise       ; clock                                            ;
; y         ; inclk0     ; 2.608 ;       ; Rise       ; inst|altpll_component|auto_generated|pll1|clk[0] ;
; y         ; inclk0     ;       ; 2.569 ; Fall       ; inst|altpll_component|auto_generated|pll1|clk[0] ;
; y         ; inclk0     ; 2.525 ;       ; Rise       ; inst|altpll_component|auto_generated|pll1|clk[1] ;
; y         ; inclk0     ;       ; 2.457 ; Fall       ; inst|altpll_component|auto_generated|pll1|clk[1] ;
+-----------+------------+-------+-------+------------+--------------------------------------------------+


---------------------------------------------
; Slow 1200mV 0C Model Metastability Report ;
---------------------------------------------
No synchronizer chains to report.


+------------------------------------+
; Fast 1200mV 0C Model Setup Summary ;
+-------+-------+--------------------+
; Clock ; Slack ; End Point TNS      ;
+-------+-------+--------------------+
; clock ; 0.409 ; 0.000              ;
+-------+-------+--------------------+


+-----------------------------------+
; Fast 1200mV 0C Model Hold Summary ;
+-------+--------+------------------+
; Clock ; Slack  ; End Point TNS    ;
+-------+--------+------------------+
; clock ; -0.797 ; -0.797           ;
+-------+--------+------------------+


-----------------------------------------
; Fast 1200mV 0C Model Recovery Summary ;
-----------------------------------------
No paths to report.


----------------------------------------
; Fast 1200mV 0C Model Removal Summary ;
----------------------------------------
No paths to report.


+--------------------------------------------------+
; Fast 1200mV 0C Model Minimum Pulse Width Summary ;
+--------+--------+--------------------------------+
; Clock  ; Slack  ; End Point TNS                  ;
+--------+--------+--------------------------------+
; clock  ; -3.000 ; -4.080                         ;
; inclk0 ; 9.584  ; 0.000                          ;
+--------+--------+--------------------------------+


+--------------------------------------------------------------------------------------------------------------------------------------------------------------------------------------------+
; Fast 1200mV 0C Model Setup: 'clock'                                                                                                                                                        ;
+-------+--------------------------------------------------+-----------------------+--------------------------------------------------+-------------+--------------+------------+------------+
; Slack ; From Node                                        ; To Node               ; Launch Clock                                     ; Latch Clock ; Relationship ; Clock Skew ; Data Delay ;
+-------+--------------------------------------------------+-----------------------+--------------------------------------------------+-------------+--------------+------------+------------+
; 0.409 ; infoleds:inst1|fstate                            ; infoleds:inst1|fstate ; clock                                            ; clock       ; 1.000        ; -0.038     ; 0.560      ;
; 1.264 ; inst|altpll_component|auto_generated|pll1|clk[0] ; infoleds:inst1|fstate ; inst|altpll_component|auto_generated|pll1|clk[0] ; clock       ; 1.000        ; 2.702      ; 2.415      ;
; 1.280 ; inst|altpll_component|auto_generated|pll1|clk[0] ; infoleds:inst1|fstate ; inst|altpll_component|auto_generated|pll1|clk[0] ; clock       ; 1.000        ; 2.702      ; 2.399      ;
; 1.314 ; inst|altpll_component|auto_generated|pll1|clk[1] ; infoleds:inst1|fstate ; inst|altpll_component|auto_generated|pll1|clk[1] ; clock       ; 1.000        ; 2.702      ; 2.365      ;
; 1.375 ; inst|altpll_component|auto_generated|pll1|clk[1] ; infoleds:inst1|fstate ; inst|altpll_component|auto_generated|pll1|clk[1] ; clock       ; 1.000        ; 2.702      ; 2.304      ;
+-------+--------------------------------------------------+-----------------------+--------------------------------------------------+-------------+--------------+------------+------------+


+---------------------------------------------------------------------------------------------------------------------------------------------------------------------------------------------+
; Fast 1200mV 0C Model Hold: 'clock'                                                                                                                                                          ;
+--------+--------------------------------------------------+-----------------------+--------------------------------------------------+-------------+--------------+------------+------------+
; Slack  ; From Node                                        ; To Node               ; Launch Clock                                     ; Latch Clock ; Relationship ; Clock Skew ; Data Delay ;
+--------+--------------------------------------------------+-----------------------+--------------------------------------------------+-------------+--------------+------------+------------+
; -0.797 ; inst|altpll_component|auto_generated|pll1|clk[1] ; infoleds:inst1|fstate ; inst|altpll_component|auto_generated|pll1|clk[1] ; clock       ; 0.000        ; 2.891      ; 2.208      ;
; -0.745 ; inst|altpll_component|auto_generated|pll1|clk[1] ; infoleds:inst1|fstate ; inst|altpll_component|auto_generated|pll1|clk[1] ; clock       ; 0.000        ; 2.891      ; 2.260      ;
; -0.740 ; inst|altpll_component|auto_generated|pll1|clk[0] ; infoleds:inst1|fstate ; inst|altpll_component|auto_generated|pll1|clk[0] ; clock       ; 0.000        ; 2.891      ; 2.265      ;
; -0.708 ; inst|altpll_component|auto_generated|pll1|clk[0] ; infoleds:inst1|fstate ; inst|altpll_component|auto_generated|pll1|clk[0] ; clock       ; 0.000        ; 2.891      ; 2.297      ;
; 0.359  ; infoleds:inst1|fstate                            ; infoleds:inst1|fstate ; clock                                            ; clock       ; 0.000        ; 0.038      ; 0.481      ;
+--------+--------------------------------------------------+-----------------------+--------------------------------------------------+-------------+--------------+------------+------------+


+--------------------------------------------------------------------------------------------------------+
; Fast 1200mV 0C Model Minimum Pulse Width: 'clock'                                                      ;
+--------+--------------+----------------+------------------+-------+------------+-----------------------+
; Slack  ; Actual Width ; Required Width ; Type             ; Clock ; Clock Edge ; Target                ;
+--------+--------------+----------------+------------------+-------+------------+-----------------------+
; -3.000 ; 1.000        ; 4.000          ; Port Rate        ; clock ; Rise       ; clock                 ;
; -1.000 ; 1.000        ; 2.000          ; Min Period       ; clock ; Rise       ; infoleds:inst1|fstate ;
; -0.080 ; 0.104        ; 0.184          ; Low Pulse Width  ; clock ; Rise       ; infoleds:inst1|fstate ;
; 0.098  ; 0.098        ; 0.000          ; Low Pulse Width  ; clock ; Rise       ; inst1|fstate|clk      ;
; 0.120  ; 0.120        ; 0.000          ; Low Pulse Width  ; clock ; Rise       ; clock~input|o         ;
; 0.500  ; 0.500        ; 0.000          ; High Pulse Width ; clock ; Rise       ; clock~input|i         ;
; 0.500  ; 0.500        ; 0.000          ; Low Pulse Width  ; clock ; Rise       ; clock~input|i         ;
; 0.680  ; 0.896        ; 0.216          ; High Pulse Width ; clock ; Rise       ; infoleds:inst1|fstate ;
; 0.880  ; 0.880        ; 0.000          ; High Pulse Width ; clock ; Rise       ; clock~input|o         ;
; 0.900  ; 0.900        ; 0.000          ; High Pulse Width ; clock ; Rise       ; inst1|fstate|clk      ;
+--------+--------------+----------------+------------------+-------+------------+-----------------------+


+----------------------------------------------------------------------------------------------------------------------------------------------+
; Fast 1200mV 0C Model Minimum Pulse Width: 'inclk0'                                                                                           ;
+--------+--------------+----------------+------------------+--------+------------+------------------------------------------------------------+
; Slack  ; Actual Width ; Required Width ; Type             ; Clock  ; Clock Edge ; Target                                                     ;
+--------+--------------+----------------+------------------+--------+------------+------------------------------------------------------------+
; 9.584  ; 9.584        ; 0.000          ; Low Pulse Width  ; inclk0 ; Rise       ; inst|altpll_component|auto_generated|pll1|clk[0]           ;
; 9.584  ; 9.584        ; 0.000          ; Low Pulse Width  ; inclk0 ; Rise       ; inst|altpll_component|auto_generated|pll1|clk[1]           ;
; 9.584  ; 9.584        ; 0.000          ; Low Pulse Width  ; inclk0 ; Rise       ; inst|altpll_component|auto_generated|pll1|observablevcoout ;
; 9.620  ; 9.620        ; 0.000          ; Low Pulse Width  ; inclk0 ; Rise       ; inclk0~input|o                                             ;
; 9.628  ; 9.628        ; 0.000          ; Low Pulse Width  ; inclk0 ; Rise       ; inst|altpll_component|auto_generated|pll1|inclk[0]         ;
; 10.000 ; 10.000       ; 0.000          ; High Pulse Width ; inclk0 ; Rise       ; inclk0~input|i                                             ;
; 10.000 ; 10.000       ; 0.000          ; Low Pulse Width  ; inclk0 ; Rise       ; inclk0~input|i                                             ;
; 10.372 ; 10.372       ; 0.000          ; High Pulse Width ; inclk0 ; Rise       ; inst|altpll_component|auto_generated|pll1|inclk[0]         ;
; 10.380 ; 10.380       ; 0.000          ; High Pulse Width ; inclk0 ; Rise       ; inclk0~input|o                                             ;
; 10.415 ; 10.415       ; 0.000          ; High Pulse Width ; inclk0 ; Rise       ; inst|altpll_component|auto_generated|pll1|clk[0]           ;
; 10.415 ; 10.415       ; 0.000          ; High Pulse Width ; inclk0 ; Rise       ; inst|altpll_component|auto_generated|pll1|clk[1]           ;
; 10.415 ; 10.415       ; 0.000          ; High Pulse Width ; inclk0 ; Rise       ; inst|altpll_component|auto_generated|pll1|observablevcoout ;
; 16.000 ; 20.000       ; 4.000          ; Port Rate        ; inclk0 ; Rise       ; inclk0                                                     ;
+--------+--------------+----------------+------------------+--------+------------+------------------------------------------------------------+


+--------------------------------------------------------------------------------------------------------+
; Clock to Output Times                                                                                  ;
+-----------+------------+-------+-------+------------+--------------------------------------------------+
; Data Port ; Clock Port ; Rise  ; Fall  ; Clock Edge ; Clock Reference                                  ;
+-----------+------------+-------+-------+------------+--------------------------------------------------+
; y         ; clock      ; 3.162 ; 3.176 ; Rise       ; clock                                            ;
; y         ; inclk0     ; 1.930 ;       ; Rise       ; inst|altpll_component|auto_generated|pll1|clk[0] ;
; y         ; inclk0     ;       ; 2.011 ; Fall       ; inst|altpll_component|auto_generated|pll1|clk[0] ;
; y         ; inclk0     ; 1.875 ;       ; Rise       ; inst|altpll_component|auto_generated|pll1|clk[1] ;
; y         ; inclk0     ;       ; 1.942 ; Fall       ; inst|altpll_component|auto_generated|pll1|clk[1] ;
+-----------+------------+-------+-------+------------+--------------------------------------------------+


+--------------------------------------------------------------------------------------------------------+
; Minimum Clock to Output Times                                                                          ;
+-----------+------------+-------+-------+------------+--------------------------------------------------+
; Data Port ; Clock Port ; Rise  ; Fall  ; Clock Edge ; Clock Reference                                  ;
+-----------+------------+-------+-------+------------+--------------------------------------------------+
; y         ; clock      ; 2.959 ; 3.046 ; Rise       ; clock                                            ;
; y         ; inclk0     ; 1.648 ;       ; Rise       ; inst|altpll_component|auto_generated|pll1|clk[0] ;
; y         ; inclk0     ;       ; 1.726 ; Fall       ; inst|altpll_component|auto_generated|pll1|clk[0] ;
; y         ; inclk0     ; 1.595 ;       ; Rise       ; inst|altpll_component|auto_generated|pll1|clk[1] ;
; y         ; inclk0     ;       ; 1.661 ; Fall       ; inst|altpll_component|auto_generated|pll1|clk[1] ;
+-----------+------------+-------+-------+------------+--------------------------------------------------+


---------------------------------------------
; Fast 1200mV 0C Model Metastability Report ;
---------------------------------------------
No synchronizer chains to report.


+-------------------------------------------------------------------------------+
; Multicorner Timing Analysis Summary                                           ;
+------------------+--------+--------+----------+---------+---------------------+
; Clock            ; Setup  ; Hold   ; Recovery ; Removal ; Minimum Pulse Width ;
+------------------+--------+--------+----------+---------+---------------------+
; Worst-case Slack ; -0.073 ; -1.343 ; N/A      ; N/A     ; -3.000              ;
;  clock           ; -0.073 ; -1.343 ; N/A      ; N/A     ; -3.000              ;
;  inclk0          ; N/A    ; N/A    ; N/A      ; N/A     ; 9.584               ;
; Design-wide TNS  ; -0.073 ; -1.343 ; 0.0      ; 0.0     ; -4.08               ;
;  clock           ; -0.073 ; -1.343 ; N/A      ; N/A     ; -4.080              ;
;  inclk0          ; N/A    ; N/A    ; N/A      ; N/A     ; 0.000               ;
+------------------+--------+--------+----------+---------+---------------------+


+--------------------------------------------------------------------------------------------------------+
; Clock to Output Times                                                                                  ;
+-----------+------------+-------+-------+------------+--------------------------------------------------+
; Data Port ; Clock Port ; Rise  ; Fall  ; Clock Edge ; Clock Reference                                  ;
+-----------+------------+-------+-------+------------+--------------------------------------------------+
; y         ; clock      ; 5.537 ; 5.469 ; Rise       ; clock                                            ;
; y         ; inclk0     ; 3.343 ;       ; Rise       ; inst|altpll_component|auto_generated|pll1|clk[0] ;
; y         ; inclk0     ;       ; 3.329 ; Fall       ; inst|altpll_component|auto_generated|pll1|clk[0] ;
; y         ; inclk0     ; 3.245 ;       ; Rise       ; inst|altpll_component|auto_generated|pll1|clk[1] ;
; y         ; inclk0     ;       ; 3.200 ; Fall       ; inst|altpll_component|auto_generated|pll1|clk[1] ;
+-----------+------------+-------+-------+------------+--------------------------------------------------+


+--------------------------------------------------------------------------------------------------------+
; Minimum Clock to Output Times                                                                          ;
+-----------+------------+-------+-------+------------+--------------------------------------------------+
; Data Port ; Clock Port ; Rise  ; Fall  ; Clock Edge ; Clock Reference                                  ;
+-----------+------------+-------+-------+------------+--------------------------------------------------+
; y         ; clock      ; 2.959 ; 3.046 ; Rise       ; clock                                            ;
; y         ; inclk0     ; 1.648 ;       ; Rise       ; inst|altpll_component|auto_generated|pll1|clk[0] ;
; y         ; inclk0     ;       ; 1.726 ; Fall       ; inst|altpll_component|auto_generated|pll1|clk[0] ;
; y         ; inclk0     ; 1.595 ;       ; Rise       ; inst|altpll_component|auto_generated|pll1|clk[1] ;
; y         ; inclk0     ;       ; 1.661 ; Fall       ; inst|altpll_component|auto_generated|pll1|clk[1] ;
+-----------+------------+-------+-------+------------+--------------------------------------------------+


+------------------------------------------------------------------------------------------------------------------------------------------------------------------------------------------------------------------------------------------------------------------------------------------------------------------------------------------------------------------------------------------------------------------+
; Board Trace Model Assignments                                                                                                                                                                                                                                                                                                                                                                                    ;
+---------------+--------------+-------------------+-------------------------+-------------------------+---------------+---------------------+----------------+------------------+--------+------------------+------------------------+------------------------+--------------+---------------+-----------------+-------+---------------------+--------------------+---------------+-----------------+-------------+
; Pin           ; I/O Standard ; Near Tline Length ; Near Tline L per Length ; Near Tline C per Length ; Near Series R ; Near Differential R ; Near Pull-up R ; Near Pull-down R ; Near C ; Far Tline Length ; Far Tline L per Length ; Far Tline C per Length ; Far Series R ; Far Pull-up R ; Far Pull-down R ; Far C ; Termination Voltage ; Far Differential R ; EBD File Name ; EBD Signal Name ; EBD Far-end ;
+---------------+--------------+-------------------+-------------------------+-------------------------+---------------+---------------------+----------------+------------------+--------+------------------+------------------------+------------------------+--------------+---------------+-----------------+-------+---------------------+--------------------+---------------+-----------------+-------------+
; y             ; 2.5 V        ; 0 in              ; 0 H/in                  ; 0 F/in                  ; short         ; -                   ; open           ; open             ; open   ; 0 in             ; 0 H/in                 ; 0 F/in                 ; short        ; open          ; open            ; open  ; 0 V                 ; -                  ; n/a           ; n/a             ; n/a         ;
; ~ALTERA_DCLK~ ; 2.5 V        ; 0 in              ; 0 H/in                  ; 0 F/in                  ; short         ; -                   ; open           ; open             ; open   ; 0 in             ; 0 H/in                 ; 0 F/in                 ; short        ; open          ; open            ; open  ; 0 V                 ; -                  ; n/a           ; n/a             ; n/a         ;
; ~ALTERA_nCEO~ ; 2.5 V        ; 0 in              ; 0 H/in                  ; 0 F/in                  ; short         ; -                   ; open           ; open             ; open   ; 0 in             ; 0 H/in                 ; 0 F/in                 ; short        ; open          ; open            ; open  ; 0 V                 ; -                  ; n/a           ; n/a             ; n/a         ;
+---------------+--------------+-------------------+-------------------------+-------------------------+---------------+---------------------+----------------+------------------+--------+------------------+------------------------+------------------------+--------------+---------------+-----------------+-------+---------------------+--------------------+---------------+-----------------+-------------+


+----------------------------------------------------------------------------+
; Input Transition Times                                                     ;
+-------------------------+--------------+-----------------+-----------------+
; Pin                     ; I/O Standard ; 10-90 Rise Time ; 90-10 Fall Time ;
+-------------------------+--------------+-----------------+-----------------+
; areset                  ; 2.5 V        ; 2000 ps         ; 2000 ps         ;
; inclk0                  ; 2.5 V        ; 2000 ps         ; 2000 ps         ;
; clock                   ; 2.5 V        ; 2000 ps         ; 2000 ps         ;
; ~ALTERA_ASDO_DATA1~     ; 2.5 V        ; 2000 ps         ; 2000 ps         ;
; ~ALTERA_FLASH_nCE_nCSO~ ; 2.5 V        ; 2000 ps         ; 2000 ps         ;
; ~ALTERA_DATA0~          ; 2.5 V        ; 2000 ps         ; 2000 ps         ;
+-------------------------+--------------+-----------------+-----------------+


+--------------------------------------------------------------------------------------------------------------------------------------------------------------------------------------------------------------------------------------------------------------------------------------------------------------------------------------------------------------------------------------------------------------------------------------------------------------------------------------------------------------------------------------------------------------------------------------------------------------------------------------------------------------------------------------------+
; Signal Integrity Metrics (Slow 1200mv 0c Model)                                                                                                                                                                                                                                                                                                                                                                                                                                                                                                                                                                                                                                            ;
+---------------+--------------+---------------------+---------------------+------------------------------+------------------------------+---------------------+---------------------+--------------------------------------+--------------------------------------+-----------------------------+-----------------------------+----------------------------+----------------------------+-----------------------------+-----------------------------+--------------------+--------------------+-------------------------------------+-------------------------------------+----------------------------+----------------------------+---------------------------+---------------------------+
; Pin           ; I/O Standard ; Board Delay on Rise ; Board Delay on Fall ; Steady State Voh at FPGA Pin ; Steady State Vol at FPGA Pin ; Voh Max at FPGA Pin ; Vol Min at FPGA Pin ; Ringback Voltage on Rise at FPGA Pin ; Ringback Voltage on Fall at FPGA Pin ; 10-90 Rise Time at FPGA Pin ; 90-10 Fall Time at FPGA Pin ; Monotonic Rise at FPGA Pin ; Monotonic Fall at FPGA Pin ; Steady State Voh at Far-end ; Steady State Vol at Far-end ; Voh Max at Far-end ; Vol Min at Far-end ; Ringback Voltage on Rise at Far-end ; Ringback Voltage on Fall at Far-end ; 10-90 Rise Time at Far-end ; 90-10 Fall Time at Far-end ; Monotonic Rise at Far-end ; Monotonic Fall at Far-end ;
+---------------+--------------+---------------------+---------------------+------------------------------+------------------------------+---------------------+---------------------+--------------------------------------+--------------------------------------+-----------------------------+-----------------------------+----------------------------+----------------------------+-----------------------------+-----------------------------+--------------------+--------------------+-------------------------------------+-------------------------------------+----------------------------+----------------------------+---------------------------+---------------------------+
; y             ; 2.5 V        ; 0 s                 ; 0 s                 ; 2.32 V                       ; 4.44e-09 V                   ; 2.38 V              ; -0.0145 V           ; 0.169 V                              ; 0.026 V                              ; 4.83e-10 s                  ; 4.71e-10 s                  ; Yes                        ; Yes                        ; 2.32 V                      ; 4.44e-09 V                  ; 2.38 V             ; -0.0145 V          ; 0.169 V                             ; 0.026 V                             ; 4.83e-10 s                 ; 4.71e-10 s                 ; Yes                       ; Yes                       ;
; ~ALTERA_DCLK~ ; 2.5 V        ; 0 s                 ; 0 s                 ; 2.32 V                       ; 3.45e-09 V                   ; 2.38 V              ; -0.0609 V           ; 0.148 V                              ; 0.095 V                              ; 2.82e-10 s                  ; 2.59e-10 s                  ; Yes                        ; Yes                        ; 2.32 V                      ; 3.45e-09 V                  ; 2.38 V             ; -0.0609 V          ; 0.148 V                             ; 0.095 V                             ; 2.82e-10 s                 ; 2.59e-10 s                 ; Yes                       ; Yes                       ;
; ~ALTERA_nCEO~ ; 2.5 V        ; 0 s                 ; 0 s                 ; 2.32 V                       ; 5.61e-09 V                   ; 2.38 V              ; -0.00274 V          ; 0.141 V                              ; 0.006 V                              ; 4.7e-10 s                   ; 6.02e-10 s                  ; Yes                        ; Yes                        ; 2.32 V                      ; 5.61e-09 V                  ; 2.38 V             ; -0.00274 V         ; 0.141 V                             ; 0.006 V                             ; 4.7e-10 s                  ; 6.02e-10 s                 ; Yes                       ; Yes                       ;
+---------------+--------------+---------------------+---------------------+------------------------------+------------------------------+---------------------+---------------------+--------------------------------------+--------------------------------------+-----------------------------+-----------------------------+----------------------------+----------------------------+-----------------------------+-----------------------------+--------------------+--------------------+-------------------------------------+-------------------------------------+----------------------------+----------------------------+---------------------------+---------------------------+


+--------------------------------------------------------------------------------------------------------------------------------------------------------------------------------------------------------------------------------------------------------------------------------------------------------------------------------------------------------------------------------------------------------------------------------------------------------------------------------------------------------------------------------------------------------------------------------------------------------------------------------------------------------------------------------------------+
; Signal Integrity Metrics (Slow 1200mv 85c Model)                                                                                                                                                                                                                                                                                                                                                                                                                                                                                                                                                                                                                                           ;
+---------------+--------------+---------------------+---------------------+------------------------------+------------------------------+---------------------+---------------------+--------------------------------------+--------------------------------------+-----------------------------+-----------------------------+----------------------------+----------------------------+-----------------------------+-----------------------------+--------------------+--------------------+-------------------------------------+-------------------------------------+----------------------------+----------------------------+---------------------------+---------------------------+
; Pin           ; I/O Standard ; Board Delay on Rise ; Board Delay on Fall ; Steady State Voh at FPGA Pin ; Steady State Vol at FPGA Pin ; Voh Max at FPGA Pin ; Vol Min at FPGA Pin ; Ringback Voltage on Rise at FPGA Pin ; Ringback Voltage on Fall at FPGA Pin ; 10-90 Rise Time at FPGA Pin ; 90-10 Fall Time at FPGA Pin ; Monotonic Rise at FPGA Pin ; Monotonic Fall at FPGA Pin ; Steady State Voh at Far-end ; Steady State Vol at Far-end ; Voh Max at Far-end ; Vol Min at Far-end ; Ringback Voltage on Rise at Far-end ; Ringback Voltage on Fall at Far-end ; 10-90 Rise Time at Far-end ; 90-10 Fall Time at Far-end ; Monotonic Rise at Far-end ; Monotonic Fall at Far-end ;
+---------------+--------------+---------------------+---------------------+------------------------------+------------------------------+---------------------+---------------------+--------------------------------------+--------------------------------------+-----------------------------+-----------------------------+----------------------------+----------------------------+-----------------------------+-----------------------------+--------------------+--------------------+-------------------------------------+-------------------------------------+----------------------------+----------------------------+---------------------------+---------------------------+
; y             ; 2.5 V        ; 0 s                 ; 0 s                 ; 2.32 V                       ; 7.16e-07 V                   ; 2.35 V              ; -0.00832 V          ; 0.101 V                              ; 0.024 V                              ; 6.39e-10 s                  ; 6e-10 s                     ; Yes                        ; Yes                        ; 2.32 V                      ; 7.16e-07 V                  ; 2.35 V             ; -0.00832 V         ; 0.101 V                             ; 0.024 V                             ; 6.39e-10 s                 ; 6e-10 s                    ; Yes                       ; Yes                       ;
; ~ALTERA_DCLK~ ; 2.5 V        ; 0 s                 ; 0 s                 ; 2.32 V                       ; 5.74e-07 V                   ; 2.36 V              ; -0.0201 V           ; 0.072 V                              ; 0.033 V                              ; 4.04e-10 s                  ; 3.29e-10 s                  ; Yes                        ; Yes                        ; 2.32 V                      ; 5.74e-07 V                  ; 2.36 V             ; -0.0201 V          ; 0.072 V                             ; 0.033 V                             ; 4.04e-10 s                 ; 3.29e-10 s                 ; Yes                       ; Yes                       ;
; ~ALTERA_nCEO~ ; 2.5 V        ; 0 s                 ; 0 s                 ; 2.32 V                       ; 9.45e-07 V                   ; 2.35 V              ; -0.00643 V          ; 0.081 V                              ; 0.031 V                              ; 5.31e-10 s                  ; 7.59e-10 s                  ; Yes                        ; Yes                        ; 2.32 V                      ; 9.45e-07 V                  ; 2.35 V             ; -0.00643 V         ; 0.081 V                             ; 0.031 V                             ; 5.31e-10 s                 ; 7.59e-10 s                 ; Yes                       ; Yes                       ;
+---------------+--------------+---------------------+---------------------+------------------------------+------------------------------+---------------------+---------------------+--------------------------------------+--------------------------------------+-----------------------------+-----------------------------+----------------------------+----------------------------+-----------------------------+-----------------------------+--------------------+--------------------+-------------------------------------+-------------------------------------+----------------------------+----------------------------+---------------------------+---------------------------+


+--------------------------------------------------------------------------------------------------------------------------------------------------------------------------------------------------------------------------------------------------------------------------------------------------------------------------------------------------------------------------------------------------------------------------------------------------------------------------------------------------------------------------------------------------------------------------------------------------------------------------------------------------------------------------------------------+
; Signal Integrity Metrics (Fast 1200mv 0c Model)                                                                                                                                                                                                                                                                                                                                                                                                                                                                                                                                                                                                                                            ;
+---------------+--------------+---------------------+---------------------+------------------------------+------------------------------+---------------------+---------------------+--------------------------------------+--------------------------------------+-----------------------------+-----------------------------+----------------------------+----------------------------+-----------------------------+-----------------------------+--------------------+--------------------+-------------------------------------+-------------------------------------+----------------------------+----------------------------+---------------------------+---------------------------+
; Pin           ; I/O Standard ; Board Delay on Rise ; Board Delay on Fall ; Steady State Voh at FPGA Pin ; Steady State Vol at FPGA Pin ; Voh Max at FPGA Pin ; Vol Min at FPGA Pin ; Ringback Voltage on Rise at FPGA Pin ; Ringback Voltage on Fall at FPGA Pin ; 10-90 Rise Time at FPGA Pin ; 90-10 Fall Time at FPGA Pin ; Monotonic Rise at FPGA Pin ; Monotonic Fall at FPGA Pin ; Steady State Voh at Far-end ; Steady State Vol at Far-end ; Voh Max at Far-end ; Vol Min at Far-end ; Ringback Voltage on Rise at Far-end ; Ringback Voltage on Fall at Far-end ; 10-90 Rise Time at Far-end ; 90-10 Fall Time at Far-end ; Monotonic Rise at Far-end ; Monotonic Fall at Far-end ;
+---------------+--------------+---------------------+---------------------+------------------------------+------------------------------+---------------------+---------------------+--------------------------------------+--------------------------------------+-----------------------------+-----------------------------+----------------------------+----------------------------+-----------------------------+-----------------------------+--------------------+--------------------+-------------------------------------+-------------------------------------+----------------------------+----------------------------+---------------------------+---------------------------+
; y             ; 2.5 V        ; 0 s                 ; 0 s                 ; 2.62 V                       ; 2.74e-08 V                   ; 2.71 V              ; -0.0317 V           ; 0.148 V                              ; 0.064 V                              ; 4.51e-10 s                  ; 4.15e-10 s                  ; No                         ; Yes                        ; 2.62 V                      ; 2.74e-08 V                  ; 2.71 V             ; -0.0317 V          ; 0.148 V                             ; 0.064 V                             ; 4.51e-10 s                 ; 4.15e-10 s                 ; No                        ; Yes                       ;
; ~ALTERA_DCLK~ ; 2.5 V        ; 0 s                 ; 0 s                 ; 2.62 V                       ; 2.22e-08 V                   ; 2.74 V              ; -0.06 V             ; 0.158 V                              ; 0.08 V                               ; 2.68e-10 s                  ; 2.19e-10 s                  ; Yes                        ; Yes                        ; 2.62 V                      ; 2.22e-08 V                  ; 2.74 V             ; -0.06 V            ; 0.158 V                             ; 0.08 V                              ; 2.68e-10 s                 ; 2.19e-10 s                 ; Yes                       ; Yes                       ;
; ~ALTERA_nCEO~ ; 2.5 V        ; 0 s                 ; 0 s                 ; 2.62 V                       ; 3.54e-08 V                   ; 2.7 V               ; -0.00943 V          ; 0.276 V                              ; 0.035 V                              ; 3.19e-10 s                  ; 4.99e-10 s                  ; No                         ; Yes                        ; 2.62 V                      ; 3.54e-08 V                  ; 2.7 V              ; -0.00943 V         ; 0.276 V                             ; 0.035 V                             ; 3.19e-10 s                 ; 4.99e-10 s                 ; No                        ; Yes                       ;
+---------------+--------------+---------------------+---------------------+------------------------------+------------------------------+---------------------+---------------------+--------------------------------------+--------------------------------------+-----------------------------+-----------------------------+----------------------------+----------------------------+-----------------------------+-----------------------------+--------------------+--------------------+-------------------------------------+-------------------------------------+----------------------------+----------------------------+---------------------------+---------------------------+


+---------------------------------------------------------------------------------------------------------+
; Setup Transfers                                                                                         ;
+--------------------------------------------------+----------+----------+----------+----------+----------+
; From Clock                                       ; To Clock ; RR Paths ; FR Paths ; RF Paths ; FF Paths ;
+--------------------------------------------------+----------+----------+----------+----------+----------+
; clock                                            ; clock    ; 1        ; 0        ; 0        ; 0        ;
; inst|altpll_component|auto_generated|pll1|clk[0] ; clock    ; 1        ; 1        ; 0        ; 0        ;
; inst|altpll_component|auto_generated|pll1|clk[1] ; clock    ; 1        ; 1        ; 0        ; 0        ;
+--------------------------------------------------+----------+----------+----------+----------+----------+
Entries labeled "false path" only account for clock-to-clock false paths and not path-based false paths. As a result, actual path counts may be lower than reported.


+---------------------------------------------------------------------------------------------------------+
; Hold Transfers                                                                                          ;
+--------------------------------------------------+----------+----------+----------+----------+----------+
; From Clock                                       ; To Clock ; RR Paths ; FR Paths ; RF Paths ; FF Paths ;
+--------------------------------------------------+----------+----------+----------+----------+----------+
; clock                                            ; clock    ; 1        ; 0        ; 0        ; 0        ;
; inst|altpll_component|auto_generated|pll1|clk[0] ; clock    ; 1        ; 1        ; 0        ; 0        ;
; inst|altpll_component|auto_generated|pll1|clk[1] ; clock    ; 1        ; 1        ; 0        ; 0        ;
+--------------------------------------------------+----------+----------+----------+----------+----------+
Entries labeled "false path" only account for clock-to-clock false paths and not path-based false paths. As a result, actual path counts may be lower than reported.


---------------
; Report TCCS ;
---------------
No dedicated SERDES Transmitter circuitry present in device or used in design


---------------
; Report RSKM ;
---------------
No dedicated SERDES Receiver circuitry present in device or used in design


+------------------------------------------------+
; Unconstrained Paths                            ;
+---------------------------------+-------+------+
; Property                        ; Setup ; Hold ;
+---------------------------------+-------+------+
; Illegal Clocks                  ; 0     ; 0    ;
; Unconstrained Clocks            ; 0     ; 0    ;
; Unconstrained Input Ports       ; 1     ; 1    ;
; Unconstrained Input Port Paths  ; 1     ; 1    ;
; Unconstrained Output Ports      ; 1     ; 1    ;
; Unconstrained Output Port Paths ; 4     ; 4    ;
+---------------------------------+-------+------+


+------------------------------------+
; TimeQuest Timing Analyzer Messages ;
+------------------------------------+
Info: *******************************************************************
Info: Running Quartus II 64-Bit TimeQuest Timing Analyzer
    Info: Version 13.0.1 Build 232 06/12/2013 Service Pack 1 SJ Web Edition
    Info: Processing started: Mon Nov 24 23:23:15 2025
Info: Command: quartus_sta infoleds -c infoleds
Info: qsta_default_script.tcl version: #1
Warning (20028): Parallel compilation is not licensed and has been disabled
Info (21077): Core supply voltage is 1.2V
Info (21077): Low junction temperature is 0 degrees C
Info (21077): High junction temperature is 85 degrees C
Critical Warning (332012): Synopsys Design Constraints File file not found: 'infoleds.sdc'. A Synopsys Design Constraints File is required by the TimeQuest Timing Analyzer to get proper timing constraints. Without it, the Compiler will not properly optimize the design.
Info (332142): No user constrained generated clocks found in the design. Calling "derive_pll_clocks -create_base_clocks"
Info (332110): Deriving PLL clocks
    Info (332110): create_clock -period 20.000 -waveform {0.000 10.000} -name inclk0 inclk0
    Info (332110): create_generated_clock -source {inst|altpll_component|auto_generated|pll1|inclk[0]} -divide_by 125 -multiply_by 2 -duty_cycle 32.00 -name {inst|altpll_component|auto_generated|pll1|clk[0]} {inst|altpll_component|auto_generated|pll1|clk[0]}
    Info (332110): create_generated_clock -source {inst|altpll_component|auto_generated|pll1|inclk[0]} -divide_by 125 -multiply_by 2 -duty_cycle 64.00 -name {inst|altpll_component|auto_generated|pll1|clk[1]} {inst|altpll_component|auto_generated|pll1|clk[1]}
Info (332142): No user constrained base clocks found in the design. Calling "derive_clocks -period 1.0"
Info (332105): Deriving Clocks
    Info (332105): create_clock -period 1.000 -name clock clock
Info (332143): No user constrained clock uncertainty found in the design. Calling "derive_clock_uncertainty"
Info (332123): Deriving Clock Uncertainty. Please refer to report_sdc in TimeQuest to see clock uncertainties.
Info: Found TIMEQUEST_REPORT_SCRIPT_INCLUDE_DEFAULT_ANALYSIS = ON
Info: Analyzing Slow 1200mV 85C Model
Critical Warning (332148): Timing requirements not met
    Info (11105): For recommendations on closing timing, run Report Timing Closure Recommendations in the TimeQuest Timing Analyzer.
Info (332146): Worst-case setup slack is -0.073
    Info (332119):     Slack End Point TNS Clock 
    Info (332119): ========= ============= =====================
    Info (332119):    -0.073        -0.073 clock 
Info (332146): Worst-case hold slack is -1.343
    Info (332119):     Slack End Point TNS Clock 
    Info (332119): ========= ============= =====================
    Info (332119):    -1.343        -1.343 clock 
Info (332140): No Recovery paths to report
Info (332140): No Removal paths to report
Info (332146): Worst-case minimum pulse width slack is -3.000
    Info (332119):     Slack End Point TNS Clock 
    Info (332119): ========= ============= =====================
    Info (332119):    -3.000        -4.000 clock 
    Info (332119):     9.834         0.000 inclk0 
Info: Analyzing Slow 1200mV 0C Model
Info (334003): Started post-fitting delay annotation
Info (334004): Delay annotation completed successfully
Info (332123): Deriving Clock Uncertainty. Please refer to report_sdc in TimeQuest to see clock uncertainties.
Info (332146): Worst-case setup slack is 0.052
    Info (332119):     Slack End Point TNS Clock 
    Info (332119): ========= ============= =====================
    Info (332119):     0.052         0.000 clock 
Critical Warning (332148): Timing requirements not met
    Info (11105): For recommendations on closing timing, run Report Timing Closure Recommendations in the TimeQuest Timing Analyzer.
Info (332146): Worst-case hold slack is -1.198
    Info (332119):     Slack End Point TNS Clock 
    Info (332119): ========= ============= =====================
    Info (332119):    -1.198        -1.198 clock 
Info (332140): No Recovery paths to report
Info (332140): No Removal paths to report
Info (332146): Worst-case minimum pulse width slack is -3.000
    Info (332119):     Slack End Point TNS Clock 
    Info (332119): ========= ============= =====================
    Info (332119):    -3.000        -4.000 clock 
    Info (332119):     9.817         0.000 inclk0 
Info: Analyzing Fast 1200mV 0C Model
Info (332123): Deriving Clock Uncertainty. Please refer to report_sdc in TimeQuest to see clock uncertainties.
Info (332146): Worst-case setup slack is 0.409
    Info (332119):     Slack End Point TNS Clock 
    Info (332119): ========= ============= =====================
    Info (332119):     0.409         0.000 clock 
Critical Warning (332148): Timing requirements not met
    Info (11105): For recommendations on closing timing, run Report Timing Closure Recommendations in the TimeQuest Timing Analyzer.
Info (332146): Worst-case hold slack is -0.797
    Info (332119):     Slack End Point TNS Clock 
    Info (332119): ========= ============= =====================
    Info (332119):    -0.797        -0.797 clock 
Info (332140): No Recovery paths to report
Info (332140): No Removal paths to report
Info (332146): Worst-case minimum pulse width slack is -3.000
    Info (332119):     Slack End Point TNS Clock 
    Info (332119): ========= ============= =====================
    Info (332119):    -3.000        -4.080 clock 
    Info (332119):     9.584         0.000 inclk0 
Info (332102): Design is not fully constrained for setup requirements
Info (332102): Design is not fully constrained for hold requirements
Info: Quartus II 64-Bit TimeQuest Timing Analyzer was successful. 0 errors, 5 warnings
    Info: Peak virtual memory: 4631 megabytes
    Info: Processing ended: Mon Nov 24 23:23:17 2025
    Info: Elapsed time: 00:00:02
    Info: Total CPU time (on all processors): 00:00:01


